Week12/ContentProvider-SQLite/app/build/outputs/logs/manifest-merger-debug-report.txt
-- Merging decision tree log ---
manifest
ADDED from src/main/AndroidManifest.xml:2:1-28:12
	package
		ADDED from src/main/AndroidManifest.xml:3:5-45
		INJECTED from src/main/AndroidManifest.xml
		INJECTED from src/main/AndroidManifest.xml
	android:versionName
		ADDED from src/main/AndroidManifest.xml:5:5-30
		INJECTED from src/main/AndroidManifest.xml
		INJECTED from src/main/AndroidManifest.xml
	android:versionCode
		ADDED from src/main/AndroidManifest.xml:4:5-28
		INJECTED from src/main/AndroidManifest.xml
		INJECTED from src/main/AndroidManifest.xml
	xmlns:android
		ADDED from src/main/AndroidManifest.xml:2:11-69
application
ADDED from src/main/AndroidManifest.xml:7:5-26:20
	android:label
		ADDED from src/main/AndroidManifest.xml:10:9-41
	android:allowBackup
		ADDED from src/main/AndroidManifest.xml:8:9-35
	android:icon
		ADDED from src/main/AndroidManifest.xml:9:9-45
	android:theme
		ADDED from src/main/AndroidManifest.xml:11:9-40
activity#org.turntotech.contentprovider.MainActivity
ADDED from src/main/AndroidManifest.xml:12:9-20:20
	android:label
		ADDED from src/main/AndroidManifest.xml:14:13-45
	android:name
		ADDED from src/main/AndroidManifest.xml:13:13-71
intent-filter#android.intent.action.MAIN+android.intent.category.LAUNCHER
ADDED from src/main/AndroidManifest.xml:15:13-19:29
action#android.intent.action.MAIN
ADDED from src/main/AndroidManifest.xml:16:17-69
	android:name
		ADDED from src/main/AndroidManifest.xml:16:25-66
category#android.intent.category.LAUNCHER
ADDED from src/main/AndroidManifest.xml:18:17-77
	android:name
		ADDED from src/main/AndroidManifest.xml:18:27-74
provider#org.turntotech.contentprovider.StudentsProvider
ADDED from src/main/AndroidManifest.xml:21:7-24:77
	android:authorities
		ADDED from src/main/AndroidManifest.xml:24:5-74
	android:exported
		ADDED from src/main/AndroidManifest.xml:23:5-29
	android:name
		ADDED from src/main/AndroidManifest.xml:22:12-43
uses-permission#android.permission.WRITE_EXTERNAL_STORAGE
ADDED from src/main/AndroidManifest.xml:27:5-81
	android:name
		ADDED from src/main/AndroidManifest.xml:27:22-78
uses-sdk
INJECTED from src/main/AndroidManifest.xml reason: use-sdk injection requested
	android:minSdkVersion
		INJECTED from src/main/AndroidManifest.xml
		INJECTED from src/main/AndroidManifest.xml